# JRE version: OpenJDK Runtime Environment (8.0_112-b06) (build 1.8.0_112-release-b06)
# Java VM: OpenJDK 64-Bit Server VM (25.112-b06 mixed mode windows-amd64 compressed oops)
Heap:
 PSYoungGen      total 418816K, used 279595K [0x00000000e0000000, 0x00000000ff600000, 0x0000000100000000)
  eden space 338944K, 77% used [0x00000000e0000000,0x00000000f00742a8,0x00000000f4b00000)
  from space 79872K, 21% used [0x00000000fa800000,0x00000000fb896d38,0x00000000ff600000)
  to   space 87552K, 0% used [0x00000000f4b00000,0x00000000f4b00000,0x00000000fa080000)
 ParOldGen       total 254976K, used 170774K [0x00000000a0000000, 0x00000000af900000, 0x00000000e0000000)
  object space 254976K, 66% used [0x00000000a0000000,0x00000000aa6c5a40,0x00000000af900000)
 Metaspace       used 71996K, capacity 74171K, committed 76760K, reserved 1116160K
  class space    used 9434K, capacity 9861K, committed 10456K, reserved 1048576K
GC Heap History (10 events):
Event: 4158.316 GC heap before
{Heap before GC invocations=22 (full 4):
 PSYoungGen      total 401408K, used 401334K [0x00000000e0000000, 0x0000000100000000, 0x0000000100000000)
  eden space 350208K, 100% used [0x00000000e0000000,0x00000000f5600000,0x00000000f5600000)
  from space 51200K, 99% used [0x00000000f5600000,0x00000000f87ed980,0x00000000f8800000)
  to   space 89088K, 0% used [0x00000000fa900000,0x00000000fa900000,0x0000000100000000)
 ParOldGen       total 254976K, used 51537K [0x00000000a0000000, 0x00000000af900000, 0x00000000e0000000)
  object space 254976K, 20% used [0x00000000a0000000,0x00000000a32545e0,0x00000000af900000)
 Metaspace       used 71845K, capacity 74013K, committed 76760K, reserved 1116160K
  class space    used 9430K, capacity 9856K, committed 10456K, reserved 1048576K
Event: 4158.401 GC heap after
Heap after GC invocations=22 (full 4):
 PSYoungGen      total 437248K, used 11719K [0x00000000e0000000, 0x0000000100000000, 0x0000000100000000)
  eden space 348160K, 0% used [0x00000000e0000000,0x00000000e0000000,0x00000000f5400000)
  from space 89088K, 13% used [0x00000000fa900000,0x00000000fb471e10,0x0000000100000000)
  to   space 87040K, 0% used [0x00000000f5400000,0x00000000f5400000,0x00000000fa900000)
 ParOldGen       total 254976K, used 73632K [0x00000000a0000000, 0x00000000af900000, 0x00000000e0000000)
  object space 254976K, 28% used [0x00000000a0000000,0x00000000a47e8040,0x00000000af900000)
 Metaspace       used 71845K, capacity 74013K, committed 76760K, reserved 1116160K
  class space    used 9430K, capacity 9856K, committed 10456K, reserved 1048576K
}
Event: 4159.388 GC heap before
{Heap before GC invocations=23 (full 4):
 PSYoungGen      total 437248K, used 359879K [0x00000000e0000000, 0x0000000100000000, 0x0000000100000000)
  eden space 348160K, 100% used [0x00000000e0000000,0x00000000f5400000,0x00000000f5400000)
  from space 89088K, 13% used [0x00000000fa900000,0x00000000fb471e10,0x0000000100000000)
  to   space 87040K, 0% used [0x00000000f5400000,0x00000000f5400000,0x00000000fa900000)
 ParOldGen       total 254976K, used 73632K [0x00000000a0000000, 0x00000000af900000, 0x00000000e0000000)
  object space 254976K, 28% used [0x00000000a0000000,0x00000000a47e8040,0x00000000af900000)
 Metaspace       used 71905K, capacity 74095K, committed 76760K, reserved 1116160K
  class space    used 9431K, capacity 9859K, committed 10456K, reserved 1048576K
Event: 4159.448 GC heap after
Heap after GC invocations=23 (full 4):
 PSYoungGen      total 367616K, used 19103K [0x00000000e0000000, 0x00000000ff700000, 0x0000000100000000)
  eden space 348160K, 0% used [0x00000000e0000000,0x00000000e0000000,0x00000000f5400000)
  from space 19456K, 98% used [0x00000000f5400000,0x00000000f66a7fb0,0x00000000f6700000)
  to   space 83456K, 0% used [0x00000000fa580000,0x00000000fa580000,0x00000000ff700000)
 ParOldGen       total 254976K, used 83847K [0x00000000a0000000, 0x00000000af900000, 0x00000000e0000000)
  object space 254976K, 32% used [0x00000000a0000000,0x00000000a51e1e78,0x00000000af900000)
 Metaspace       used 71905K, capacity 74095K, committed 76760K, reserved 1116160K
  class space    used 9431K, capacity 9859K, committed 10456K, reserved 1048576K
}
Event: 4160.598 GC heap before
{Heap before GC invocations=24 (full 4):
 PSYoungGen      total 367616K, used 367263K [0x00000000e0000000, 0x00000000ff700000, 0x0000000100000000)
  eden space 348160K, 100% used [0x00000000e0000000,0x00000000f5400000,0x00000000f5400000)
  from space 19456K, 98% used [0x00000000f5400000,0x00000000f66a7fb0,0x00000000f6700000)
  to   space 83456K, 0% used [0x00000000fa580000,0x00000000fa580000,0x00000000ff700000)
 ParOldGen       total 254976K, used 83847K [0x00000000a0000000, 0x00000000af900000, 0x00000000e0000000)
  object space 254976K, 32% used [0x00000000a0000000,0x00000000a51e1e78,0x00000000af900000)
 Metaspace       used 71934K, capacity 74095K, committed 76760K, reserved 1116160K
  class space    used 9431K, capacity 9859K, committed 10456K, reserved 1048576K
Event: 4160.677 GC heap after
Heap after GC invocations=24 (full 4):
 PSYoungGen      total 417280K, used 76075K [0x00000000e0000000, 0x0000000100000000, 0x0000000100000000)
  eden space 333824K, 0% used [0x00000000e0000000,0x00000000e0000000,0x00000000f4600000)
  from space 83456K, 91% used [0x00000000fa580000,0x00000000fefcadf8,0x00000000ff700000)
  to   space 95232K, 0% used [0x00000000f4600000,0x00000000f4600000,0x00000000fa300000)
 ParOldGen       total 254976K, used 97670K [0x00000000a0000000, 0x00000000af900000, 0x00000000e0000000)
  object space 254976K, 38% used [0x00000000a0000000,0x00000000a5f61a20,0x00000000af900000)
 Metaspace       used 71934K, capacity 74095K, committed 76760K, reserved 1116160K
  class space    used 9431K, capacity 9859K, committed 10456K, reserved 1048576K
}
Event: 4161.670 GC heap before
{Heap before GC invocations=25 (full 4):
 PSYoungGen      total 417280K, used 409899K [0x00000000e0000000, 0x0000000100000000, 0x0000000100000000)
  eden space 333824K, 100% used [0x00000000e0000000,0x00000000f4600000,0x00000000f4600000)
  from space 83456K, 91% used [0x00000000fa580000,0x00000000fefcadf8,0x00000000ff700000)
  to   space 95232K, 0% used [0x00000000f4600000,0x00000000f4600000,0x00000000fa300000)
 ParOldGen       total 254976K, used 97670K [0x00000000a0000000, 0x00000000af900000, 0x00000000e0000000)
  object space 254976K, 38% used [0x00000000a0000000,0x00000000a5f61a20,0x00000000af900000)
 Metaspace       used 71950K, capacity 74095K, committed 76760K, reserved 1116160K
  class space    used 9432K, capacity 9859K, committed 10456K, reserved 1048576K
Event: 4161.755 GC heap after
Heap after GC invocations=25 (full 4):
 PSYoungGen      total 429056K, used 36928K [0x00000000e0000000, 0x0000000100000000, 0x0000000100000000)
  eden space 333824K, 0% used [0x00000000e0000000,0x00000000e0000000,0x00000000f4600000)
  from space 95232K, 38% used [0x00000000f4600000,0x00000000f6a10010,0x00000000fa300000)
  to   space 90112K, 0% used [0x00000000fa800000,0x00000000fa800000,0x0000000100000000)
 ParOldGen       total 254976K, used 147390K [0x00000000a0000000, 0x00000000af900000, 0x00000000e0000000)
  object space 254976K, 57% used [0x00000000a0000000,0x00000000a8fefa30,0x00000000af900000)
 Metaspace       used 71950K, capacity 74095K, committed 76760K, reserved 1116160K
  class space    used 9432K, capacity 9859K, committed 10456K, reserved 1048576K
}
Event: 4165.099 GC heap before
{Heap before GC invocations=26 (full 4):
 PSYoungGen      total 429056K, used 370752K [0x00000000e0000000, 0x0000000100000000, 0x0000000100000000)
  eden space 333824K, 100% used [0x00000000e0000000,0x00000000f4600000,0x00000000f4600000)
  from space 95232K, 38% used [0x00000000f4600000,0x00000000f6a10010,0x00000000fa300000)
  to   space 90112K, 0% used [0x00000000fa800000,0x00000000fa800000,0x0000000100000000)
 ParOldGen       total 254976K, used 147390K [0x00000000a0000000, 0x00000000af900000, 0x00000000e0000000)
  object space 254976K, 57% used [0x00000000a0000000,0x00000000a8fefa30,0x00000000af900000)
 Metaspace       used 71976K, capacity 74159K, committed 76760K, reserved 1116160K
  class space    used 9432K, capacity 9859K, committed 10456K, reserved 1048576K
Event: 4165.202 GC heap after
Heap after GC invocations=26 (full 4):
 PSYoungGen      total 418816K, used 16987K [0x00000000e0000000, 0x00000000ff600000, 0x0000000100000000)
  eden space 338944K, 0% used [0x00000000e0000000,0x00000000e0000000,0x00000000f4b00000)
  from space 79872K, 21% used [0x00000000fa800000,0x00000000fb896d38,0x00000000ff600000)
  to   space 87552K, 0% used [0x00000000f4b00000,0x00000000f4b00000,0x00000000fa080000)
 ParOldGen       total 254976K, used 170774K [0x00000000a0000000, 0x00000000af900000, 0x00000000e0000000)
  object space 254976K, 66% used [0x00000000a0000000,0x00000000aa6c5a40,0x00000000af900000)
 Metaspace       used 71976K, capacity 74159K, committed 76760K, reserved 1116160K
  class space    used 9432K, capacity 9859K, committed 10456K, reserved 1048576K
}

